[    2531ms] [ERROR] Failed to load resource: net::ERR_TRUST_TOKEN_OPERATION_FAILED @ https://www.amazon.com/tt/i:0
[    2738ms] [LOG] [NoriLogger] Initialized successfully @ https://m.media-amazon.com/images/I/B1EMOmbiwmL.js:26
[    2747ms] [ERROR] [NoriLogger] [WARN] DSPClientStrategy NoriLogger: Timer for fontsRender already exists. @ https://m.media-amazon.com/images/I/B1EMOmbiwmL.js:10
[    2776ms] [ERROR] [NoriLogger] [WARN] DSPClientStrategy NoriLogger: Timer for asinImageRender already exists. @ https://m.media-amazon.com/images/I/B1EMOmbiwmL.js:10
[    3772ms] [ERROR] Loading the image 'https://match.adsrvr.org/track/cmf/generic?ttd_pid=stickyads&ttd_tpi=1&gdpr=0&gdpr_consent=' violates the following Content Security Policy directive: "default-src 'self' s.amazon-adsystem.com aax-eu.amazon-adsystem.com aax-fe.amazon-adsystem.com fonts.gstatic.com *.firefox.etp doubleclick.net *.stickyadstv.com *.g.doubleclick.net fout.jp ninthdecimal.com *.postrelease.com *.yahoo.com *.adnxs.com exelator.com richaudience.com *.presage.io samplicio.us *.rubiconproject.com semasio.net cm.g.doubleclick.net sharethrough.com *.samba.tv presage.io yahoo.com *.loopme.me *.amazon-adsystem.com yahoo.net gumgum.com *.imdb.com google.com amazon-adsystem.com *.samplicio.us *.smartadserver.com loopme.me zeotap.com *.mediarithmics.com *.sharethrough.com taboola.com *.bidswitch.net *.thisisdax.com *.fwmrm.net *.yahoo.net adscale.de *.ninthdecimal.com *.zeotap.com *.adscale.de fwmrm.net demdex.net *.scorecardresearch.com agkn.com *.kargo.com connatix.com *.dmxleo.com *.casalemedia.com bidswitch.net dmxleo.com imdb.com *.gumgum.com *.demdex.net *.ispot.tv *.google.com *.exelator.com *.pubmatic.com kargo.com scorecardresearch.com *.3lift.com thisisdax.com postrelease.com *.doubleclick.net stickyadstv.com yieldmo.com *.mookie1.com ispot.tv *.connatix.com *.agkn.com samba.tv pubmatic.com smartadserver.com s.amazon-adsystem.com/ecm3 *.match.360yield.com *.richaudience.com *.fout.jp casalemedia.com rubiconproject.com openx.net adnxs.com mookie1.com match.360yield.com *.taboola.com *.openx.net *.semasio.net *.yieldmo.com". Note that 'img-src' was not explicitly set, so 'default-src' is used as a fallback. The action has been blocked. @ https://s.amazon-adsystem.com/v3/pr?exlist=n-xr-HMT_n-id-HMT_n-nt-HMT_ns_n-eq-HMT3_n-ix-HMT_bsw_n-y-HMT_n-cx-HMT_n-dm2-HMT_n-dx-HMT2_n-zeotap-4_fw_imdb_n-fo-HMT_n-lucid_n-st-HMT1_n-samba.tv_n-rb-HMT3_n-fw-HMT1_n-og-HMT_adelphic_adb_mp_n-mediarithmics_g_n-comscr.com_n-lm-HMT3_ox_n-tl-HMT_n-semasio-ecm_n-kg-HMT_n-gg-HMT2_an_n-pm-HMT_n-g-hmt_nsln_nd_n-ispot_n-stroer-HMT_n-ym-HMT_n-ox-hmt_n-ex1-HMT_tbl&fv=1.0&a=cm&dmt=1&gdpr_consent=&ex-pl-n-g-hmt=niywHcHzQC-91kQqPXeaFQ&gdpr=0&ep=edsrgP5tJflOWpd8n2P2ZW_SEiCALenRsmSpv70tpLtXoSuSgVWKmPo_KIyFFF0JMTS0w7jGXeasNYFqkcAfnDQc3Qkb8zivjw-ikzAuxV1ylvflpnQrJ_o8kCBOCcTW-vCwHLjBbu3gMIAnCuPjU87tWS8FgncR4rBhzbZu3fSiNoh7r3p2FDFtjptcVJV11eyctRwc9aNcx_pPjRevQllpdZmqQUuVj49VcTFSucVmPHRk4ZzV6O7WZZoe_4rF7dOTeS_qBJSYxhEC_yiPF7oRMlzKh-qMd5Dx0eOhCQfvXWXQN_EPZGg7CkthJG8TLmUJ35g17cLe6tiL_JFLyKpnA3blDUiLKMsa1Zs7kPtP793t1gSkbUNqIcRyhjoTZiROj06qTYN6ar8pMyByQqIe09UNZ6tx0tPjGNhKVzsCKJiYZxB3Iu3GU1UEphJVYHbFgP_B7ZC0IVBc2FV_mUgy5TmsZi5cfxhNvvFwMYBQJi7DDIDR3vpgIkjyKLjH43v5BaRbqKEBsLazLULtENyU4mXc8GtMr818NOAxjDrJmz6ikbrPSlUJtKHh8YwCc4ClFpAveci6MgDLMWQlLrEStNSpd2Yw5PHIQlm8apoKoAluxVsSo7qNVu3HL2W8WgZ6JFH2iKqHfpdHYyoNUU2WBV79QEVqIxhJ2UtV_rRIYQ9pI3LuASt-QKWQp3ht99IVBm5-F8bzSiw1-yfTrr2Ha-QFfljcqi6IUo5VoNDRte-_BnQ9MTiuhaeQJDDjub6SJKz4fPqFVlOe-VViz3N4K7fg37OF4yeIFqoJY_WXm0cYsDI_BjdUj1Qpdhh_4BHwzdRUNq7UCPnC_sOK6DtQzuFtJ4k7zYlNSmvAkReIChUpMZlH-lNqe3EEvt2aP2QDbkeR36a_8s0AtD7Q0IhupLKwekY-tBxBUrtRw7XU7Czf9XL3K5LyF5ix6ThOauhRv0nPTz0gWSZNxrKXqZiMPxr0wJ09A8hYqPOSfVAOvvEBBTD1uTQmjLOxCzGFlGCQjUUyE3BKiTf4uKpKmuIP6nkBSar5iY56JyItsqRN7iMUckTC0np8hrI_6nYye2mIiwyhK9h9MXsNFuXNtOj3mt2PAkWsrqDX_s3TRJ50f7Rpm4fI0TOzdykAe1tinki8gmvYCjpcwQLq_PP5_s9YpfpJWHQPhqw29howRLTW6-0Iaud2Fe8sA_5BHcAglLcblrg1zjAtMN6OhnT7CY9xPGI-5EsqGPWcjixgxJ4KBv2f9kbkP1qNRmIga59kHhgkpDTlWQh2cS3oqUTPU5XfQ-lOG-t7lBSDzHAeMLQ4Ma67rTJ21jh_RN0zUUKrggMmRLWoRAMYNXL5Oqygdh3qF222SkHZ-h8s3PjIpQ6njrQ6agdV5Edm6RPGwuMzY5VTpqacgwdaUdS704KcoIJzZtBSiRZFv5UjppNkXaBwq6i5kZYuyaicn5hSRnvh:0
[    5495ms] [ERROR] Error logged with the Track&Report JS errors API(http://tiny/1covqr6l8/wamazindeClieUserJava): {"m":"Late loading module @m/mash","csm":"v5 ueLogError callee","logLevel":"WARN","attribution":"MIX","pageURL":"https://www.amazon.com/","s":[],"t":4089} {m: Late loading module @m/mash, name: undefined, type: undefined, csm: v5 ueLogError callee, logLevel: WARN} @ https://images-na.ssl-images-amazon.com/images/I/215h87l68bL.js:3
[    6845ms] [WARNING] It is recommended that a robustness level be specified. Not specifying the robustness level could result in unexpected behavior. @ blob:https://www.amazon.com/bd1846b0-b29e-4966-bc5b-2e39d03a6eee:1
[    7038ms] [WARNING] It is recommended that a robustness level be specified. Not specifying the robustness level could result in unexpected behavior. @ blob:https://www.amazon.com/bd1846b0-b29e-4966-bc5b-2e39d03a6eee:1
[   10460ms] [WARNING] It is recommended that a robustness level be specified. Not specifying the robustness level could result in unexpected behavior. @ blob:https://www.amazon.com/bd1846b0-b29e-4966-bc5b-2e39d03a6eee:1
[   15473ms] [WARNING] It is recommended that a robustness level be specified. Not specifying the robustness level could result in unexpected behavior. @ blob:https://www.amazon.com/bd1846b0-b29e-4966-bc5b-2e39d03a6eee:1
[   18249ms] [ERROR] [NoriLogger] [WARN] DSPClientStrategy No events to send to endpoint @ https://m.media-amazon.com/images/I/B1EMOmbiwmL.js:10
[   18452ms] [ERROR] Failed to load resource: net::ERR_TRUST_TOKEN_OPERATION_FAILED @ https://www.amazon.com/tt/i:0
[   18500ms] TypeError: b.cardModuleFactory is not a function
    at https://m.media-amazon.com/images/I/51k9fvr+tML.js?AUIClients/CardJsRuntimeBuzzCopyBuild:17:429
    at d (https://m.media-amazon.com/images/I/51k9fvr+tML.js?AUIClients/CardJsRuntimeBuzzCopyBuild:55:83)
    at Object.next (https://m.media-amazon.com/images/I/51k9fvr+tML.js?AUIClients/CardJsRuntimeBuzzCopyBuild:53:369)
    at m (https://m.media-amazon.com/images/I/51k9fvr+tML.js?AUIClients/CardJsRuntimeBuzzCopyBuild:53:152)
[   18500ms] TypeError: b.cardModuleFactory is not a function
    at https://m.media-amazon.com/images/I/51k9fvr+tML.js?AUIClients/CardJsRuntimeBuzzCopyBuild:17:429
    at d (https://m.media-amazon.com/images/I/51k9fvr+tML.js?AUIClients/CardJsRuntimeBuzzCopyBuild:55:83)
    at Object.next (https://m.media-amazon.com/images/I/51k9fvr+tML.js?AUIClients/CardJsRuntimeBuzzCopyBuild:53:369)
    at m (https://m.media-amazon.com/images/I/51k9fvr+tML.js?AUIClients/CardJsRuntimeBuzzCopyBuild:53:152)
[   18501ms] TypeError: b.cardModuleFactory is not a function
    at https://m.media-amazon.com/images/I/51k9fvr+tML.js?AUIClients/CardJsRuntimeBuzzCopyBuild:17:429
    at d (https://m.media-amazon.com/images/I/51k9fvr+tML.js?AUIClients/CardJsRuntimeBuzzCopyBuild:55:83)
    at Object.next (https://m.media-amazon.com/images/I/51k9fvr+tML.js?AUIClients/CardJsRuntimeBuzzCopyBuild:53:369)
    at m (https://m.media-amazon.com/images/I/51k9fvr+tML.js?AUIClients/CardJsRuntimeBuzzCopyBuild:53:152)
[   18612ms] TypeError: b.cardModuleFactory is not a function
    at https://m.media-amazon.com/images/I/51k9fvr+tML.js?AUIClients/CardJsRuntimeBuzzCopyBuild:17:429
    at d (https://m.media-amazon.com/images/I/51k9fvr+tML.js?AUIClients/CardJsRuntimeBuzzCopyBuild:55:83)
    at Object.next (https://m.media-amazon.com/images/I/51k9fvr+tML.js?AUIClients/CardJsRuntimeBuzzCopyBuild:53:369)
    at m (https://m.media-amazon.com/images/I/51k9fvr+tML.js?AUIClients/CardJsRuntimeBuzzCopyBuild:53:152)
[   19105ms] [WARNING] VIDEOJS: WARN: Using hls options is deprecated. Use vhs instead. @ https://m.media-amazon.com/images/I/31NffgTEMJL._RC%7C01x4giTy+uL.js,01r9LpT6pbL.js,41NWBkfooBL.js,11QfrzttlqL.js,91VXiFQ1TCL.js,01ELLYeIOkL.js_.js?AUIClients/Brila:491
[   19117ms] [WARNING] VIDEOJS: WARN: Using hls options is deprecated. Use vhs instead. @ https://m.media-amazon.com/images/I/31NffgTEMJL._RC%7C01x4giTy+uL.js,01r9LpT6pbL.js,41NWBkfooBL.js,11QfrzttlqL.js,91VXiFQ1TCL.js,01ELLYeIOkL.js_.js?AUIClients/Brila:491
[   19145ms] [WARNING] VIDEOJS: WARN: Using hls options is deprecated. Use vhs instead. @ https://m.media-amazon.com/images/I/31NffgTEMJL._RC%7C01x4giTy+uL.js,01r9LpT6pbL.js,41NWBkfooBL.js,11QfrzttlqL.js,91VXiFQ1TCL.js,01ELLYeIOkL.js_.js?AUIClients/Brila:491
[   19156ms] [WARNING] VIDEOJS: WARN: Using hls options is deprecated. Use vhs instead. @ https://m.media-amazon.com/images/I/31NffgTEMJL._RC%7C01x4giTy+uL.js,01r9LpT6pbL.js,41NWBkfooBL.js,11QfrzttlqL.js,91VXiFQ1TCL.js,01ELLYeIOkL.js_.js?AUIClients/Brila:491
[   19167ms] [WARNING] VIDEOJS: WARN: Using hls options is deprecated. Use vhs instead. @ https://m.media-amazon.com/images/I/31NffgTEMJL._RC%7C01x4giTy+uL.js,01r9LpT6pbL.js,41NWBkfooBL.js,11QfrzttlqL.js,91VXiFQ1TCL.js,01ELLYeIOkL.js_.js?AUIClients/Brila:491
[   19195ms] [WARNING] VIDEOJS: WARN: Using hls options is deprecated. Use vhs instead. @ https://m.media-amazon.com/images/I/31NffgTEMJL._RC%7C01x4giTy+uL.js,01r9LpT6pbL.js,41NWBkfooBL.js,11QfrzttlqL.js,91VXiFQ1TCL.js,01ELLYeIOkL.js_.js?AUIClients/Brila:491
